info: Microsoft.EntityFrameworkCore.Database.Command[20101]
      Executed DbCommand (13ms) [Parameters=[], CommandType='Text', CommandTimeout='30']
      PRAGMA journal_mode = 'wal';
info: Microsoft.EntityFrameworkCore.Database.Command[20101]
      Executed DbCommand (0ms) [Parameters=[], CommandType='Text', CommandTimeout='30']
      CREATE TABLE "Admins" (
          "Id" INTEGER NOT NULL CONSTRAINT "PK_Admins" PRIMARY KEY AUTOINCREMENT,
          "Username" TEXT NOT NULL,
          "PasswordHash" TEXT NOT NULL,
          "DisplayName" TEXT NOT NULL
      );
info: Microsoft.EntityFrameworkCore.Database.Command[20101]
      Executed DbCommand (0ms) [Parameters=[], CommandType='Text', CommandTimeout='30']
      CREATE TABLE "ContactMessages" (
          "Id" INTEGER NOT NULL CONSTRAINT "PK_ContactMessages" PRIMARY KEY AUTOINCREMENT,
          "Name" TEXT NOT NULL,
          "Phone" TEXT NOT NULL,
          "Message" TEXT NOT NULL,
          "CreatedAt" TEXT NOT NULL,
          "IsRead" INTEGER NOT NULL
      );
info: Microsoft.EntityFrameworkCore.Database.Command[20101]
      Executed DbCommand (0ms) [Parameters=[], CommandType='Text', CommandTimeout='30']
      CREATE TABLE "Customers" (
          "Id" INTEGER NOT NULL CONSTRAINT "PK_Customers" PRIMARY KEY AUTOINCREMENT,
          "FullName" TEXT NOT NULL,
          "PhoneNumber" TEXT NOT NULL,
          "CreatedAt" TEXT NOT NULL
      );
info: Microsoft.EntityFrameworkCore.Database.Command[20101]
      Executed DbCommand (0ms) [Parameters=[], CommandType='Text', CommandTimeout='30']
      CREATE TABLE "OtpVerifications" (
          "Id" INTEGER NOT NULL CONSTRAINT "PK_OtpVerifications" PRIMARY KEY AUTOINCREMENT,
          "PhoneNumber" TEXT NOT NULL,
          "Code" TEXT NOT NULL,
          "ExpiresAt" TEXT NOT NULL,
          "IsUsed" INTEGER NOT NULL,
          "CreatedAt" TEXT NOT NULL
      );
info: Microsoft.EntityFrameworkCore.Database.Command[20101]
      Executed DbCommand (0ms) [Parameters=[], CommandType='Text', CommandTimeout='30']
      CREATE TABLE "ServiceTypes" (
          "Id" INTEGER NOT NULL CONSTRAINT "PK_ServiceTypes" PRIMARY KEY AUTOINCREMENT,
          "Name" TEXT NOT NULL,
          "Description" TEXT NULL,
          "DurationMinutes" INTEGER NOT NULL,
          "Price" decimal(10,2) NOT NULL,
          "IsActive" INTEGER NOT NULL,
          "SortOrder" INTEGER NOT NULL,
          "Icon" TEXT NOT NULL
      );
info: Microsoft.EntityFrameworkCore.Database.Command[20101]
      Executed DbCommand (0ms) [Parameters=[], CommandType='Text', CommandTimeout='30']
      CREATE TABLE "SmsLogs" (
          "Id" INTEGER NOT NULL CONSTRAINT "PK_SmsLogs" PRIMARY KEY AUTOINCREMENT,
          "PhoneNumber" TEXT NOT NULL,
          "Message" TEXT NOT NULL,
          "Provider" TEXT NOT NULL,
          "Success" INTEGER NOT NULL,
          "SentAt" TEXT NOT NULL,
          "ErrorMessage" TEXT NULL
      );
info: Microsoft.EntityFrameworkCore.Database.Command[20101]
      Executed DbCommand (0ms) [Parameters=[], CommandType='Text', CommandTimeout='30']
      CREATE TABLE "WorkingHours" (
          "Id" INTEGER NOT NULL CONSTRAINT "PK_WorkingHours" PRIMARY KEY AUTOINCREMENT,
          "DayOfWeek" INTEGER NOT NULL,
          "IsOpen" INTEGER NOT NULL,
          "StartTime" TEXT NOT NULL,
          "EndTime" TEXT NOT NULL
      );
info: Microsoft.EntityFrameworkCore.Database.Command[20101]
      Executed DbCommand (0ms) [Parameters=[], CommandType='Text', CommandTimeout='30']
      CREATE TABLE "Appointments" (
          "Id" INTEGER NOT NULL CONSTRAINT "PK_Appointments" PRIMARY KEY AUTOINCREMENT,
          "CustomerId" INTEGER NOT NULL,
          "ServiceTypeId" INTEGER NOT NULL,
          "StartTime" TEXT NOT NULL,
          "EndTime" TEXT NOT NULL,
          "Status" INTEGER NOT NULL,
          "CreatedAt" TEXT NOT NULL,
          "CancelledAt" TEXT NULL,
          "CancelReason" TEXT NULL,
          "CancelledBy" TEXT NOT NULL,
          CONSTRAINT "FK_Appointments_Customers_CustomerId" FOREIGN KEY ("CustomerId") REFERENCES "Customers" ("Id") ON DELETE CASCADE,
          CONSTRAINT "FK_Appointments_ServiceTypes_ServiceTypeId" FOREIGN KEY ("ServiceTypeId") REFERENCES "ServiceTypes" ("Id") ON DELETE RESTRICT
      );
info: Microsoft.EntityFrameworkCore.Database.Command[20101]
      Executed DbCommand (0ms) [Parameters=[], CommandType='Text', CommandTimeout='30']
      CREATE UNIQUE INDEX "IX_Admins_Username" ON "Admins" ("Username");
info: Microsoft.EntityFrameworkCore.Database.Command[20101]
      Executed DbCommand (0ms) [Parameters=[], CommandType='Text', CommandTimeout='30']
      CREATE INDEX "IX_Appointments_CustomerId" ON "Appointments" ("CustomerId");
info: Microsoft.EntityFrameworkCore.Database.Command[20101]
      Executed DbCommand (0ms) [Parameters=[], CommandType='Text', CommandTimeout='30']
      CREATE INDEX "IX_Appointments_ServiceTypeId" ON "Appointments" ("ServiceTypeId");
info: Microsoft.EntityFrameworkCore.Database.Command[20101]
      Executed DbCommand (0ms) [Parameters=[], CommandType='Text', CommandTimeout='30']
      CREATE INDEX "IX_Appointments_StartTime_Status" ON "Appointments" ("StartTime", "Status");
info: Microsoft.EntityFrameworkCore.Database.Command[20101]
      Executed DbCommand (0ms) [Parameters=[], CommandType='Text', CommandTimeout='30']
      CREATE UNIQUE INDEX "IX_Customers_PhoneNumber" ON "Customers" ("PhoneNumber");
info: Microsoft.EntityFrameworkCore.Database.Command[20101]
      Executed DbCommand (0ms) [Parameters=[], CommandType='Text', CommandTimeout='30']
      CREATE UNIQUE INDEX "IX_WorkingHours_DayOfWeek" ON "WorkingHours" ("DayOfWeek");
info: Microsoft.EntityFrameworkCore.Database.Command[20101]
      Executed DbCommand (0ms) [Parameters=[], CommandType='Text', CommandTimeout='30']
      SELECT EXISTS (
          SELECT 1
          FROM "Admins" AS "a")
info: Microsoft.EntityFrameworkCore.Database.Command[20101]
      Executed DbCommand (0ms) [Parameters=[], CommandType='Text', CommandTimeout='30']
      SELECT EXISTS (
          SELECT 1
          FROM "ServiceTypes" AS "s")
info: Microsoft.EntityFrameworkCore.Database.Command[20101]
      Executed DbCommand (0ms) [Parameters=[], CommandType='Text', CommandTimeout='30']
      SELECT EXISTS (
          SELECT 1
          FROM "WorkingHours" AS "w")
info: Microsoft.EntityFrameworkCore.Database.Command[20101]
      Executed DbCommand (2ms) [Parameters=[@p0='?' (Size = 4), @p1='?' (Size = 84), @p2='?' (Size = 4)], CommandType='Text', CommandTimeout='30']
      INSERT INTO "Admins" ("DisplayName", "PasswordHash", "Username")
      VALUES (@p0, @p1, @p2)
      RETURNING "Id";
info: Microsoft.EntityFrameworkCore.Database.Command[20101]
      Executed DbCommand (1ms) [Parameters=[@p0='?' (Size = 86), @p1='?' (DbType = Int32), @p2='?' (Size = 11), @p3='?' (DbType = Boolean), @p4='?' (Size = 10), @p5='?' (DbType = Decimal), @p6='?' (DbType = Int32)], CommandType='Text', CommandTimeout='30']
      INSERT INTO "ServiceTypes" ("Description", "DurationMinutes", "Icon", "IsActive", "Name", "Price", "SortOrder")
      VALUES (@p0, @p1, @p2, @p3, @p4, @p5, @p6)
      RETURNING "Id";
info: Microsoft.EntityFrameworkCore.Database.Command[20101]
      Executed DbCommand (0ms) [Parameters=[@p0='?' (Size = 70), @p1='?' (DbType = Int32), @p2='?' (Size = 10), @p3='?' (DbType = Boolean), @p4='?' (Size = 12), @p5='?' (DbType = Decimal), @p6='?' (DbType = Int32)], CommandType='Text', CommandTimeout='30']
      INSERT INTO "ServiceTypes" ("Description", "DurationMinutes", "Icon", "IsActive", "Name", "Price", "SortOrder")
      VALUES (@p0, @p1, @p2, @p3, @p4, @p5, @p6)
      RETURNING "Id";
info: Microsoft.EntityFrameworkCore.Database.Command[20101]
      Executed DbCommand (0ms) [Parameters=[@p0='?' (Size = 73), @p1='?' (DbType = Int32), @p2='?' (Size = 8), @p3='?' (DbType = Boolean), @p4='?' (Size = 11), @p5='?' (DbType = Decimal), @p6='?' (DbType = Int32)], CommandType='Text', CommandTimeout='30']
      INSERT INTO "ServiceTypes" ("Description", "DurationMinutes", "Icon", "IsActive", "Name", "Price", "SortOrder")
      VALUES (@p0, @p1, @p2, @p3, @p4, @p5, @p6)
      RETURNING "Id";
info: Microsoft.EntityFrameworkCore.Database.Command[20101]
      Executed DbCommand (0ms) [Parameters=[@p0='?' (Size = 65), @p1='?' (DbType = Int32), @p2='?' (Size = 13), @p3='?' (DbType = Boolean), @p4='?' (Size = 5), @p5='?' (DbType = Decimal), @p6='?' (DbType = Int32)], CommandType='Text', CommandTimeout='30']
      INSERT INTO "ServiceTypes" ("Description", "DurationMinutes", "Icon", "IsActive", "Name", "Price", "SortOrder")
      VALUES (@p0, @p1, @p2, @p3, @p4, @p5, @p6)
      RETURNING "Id";
info: Microsoft.EntityFrameworkCore.Database.Command[20101]
      Executed DbCommand (0ms) [Parameters=[@p0='?' (DbType = Int32), @p1='?' (DbType = Time), @p2='?' (DbType = Boolean), @p3='?' (DbType = Time)], CommandType='Text', CommandTimeout='30']
      INSERT INTO "WorkingHours" ("DayOfWeek", "EndTime", "IsOpen", "StartTime")
      VALUES (@p0, @p1, @p2, @p3)
      RETURNING "Id";
info: Microsoft.EntityFrameworkCore.Database.Command[20101]
      Executed DbCommand (0ms) [Parameters=[@p0='?' (DbType = Int32), @p1='?' (DbType = Time), @p2='?' (DbType = Boolean), @p3='?' (DbType = Time)], CommandType='Text', CommandTimeout='30']
      INSERT INTO "WorkingHours" ("DayOfWeek", "EndTime", "IsOpen", "StartTime")
      VALUES (@p0, @p1, @p2, @p3)
      RETURNING "Id";
info: Microsoft.EntityFrameworkCore.Database.Command[20101]
      Executed DbCommand (0ms) [Parameters=[@p0='?' (DbType = Int32), @p1='?' (DbType = Time), @p2='?' (DbType = Boolean), @p3='?' (DbType = Time)], CommandType='Text', CommandTimeout='30']
      INSERT INTO "WorkingHours" ("DayOfWeek", "EndTime", "IsOpen", "StartTime")
      VALUES (@p0, @p1, @p2, @p3)
      RETURNING "Id";
info: Microsoft.EntityFrameworkCore.Database.Command[20101]
      Executed DbCommand (0ms) [Parameters=[@p0='?' (DbType = Int32), @p1='?' (DbType = Time), @p2='?' (DbType = Boolean), @p3='?' (DbType = Time)], CommandType='Text', CommandTimeout='30']
      INSERT INTO "WorkingHours" ("DayOfWeek", "EndTime", "IsOpen", "StartTime")
      VALUES (@p0, @p1, @p2, @p3)
      RETURNING "Id";
info: Microsoft.EntityFrameworkCore.Database.Command[20101]
      Executed DbCommand (0ms) [Parameters=[@p0='?' (DbType = Int32), @p1='?' (DbType = Time), @p2='?' (DbType = Boolean), @p3='?' (DbType = Time)], CommandType='Text', CommandTimeout='30']
      INSERT INTO "WorkingHours" ("DayOfWeek", "EndTime", "IsOpen", "StartTime")
      VALUES (@p0, @p1, @p2, @p3)
      RETURNING "Id";
info: Microsoft.EntityFrameworkCore.Database.Command[20101]
      Executed DbCommand (0ms) [Parameters=[@p0='?' (DbType = Int32), @p1='?' (DbType = Time), @p2='?' (DbType = Boolean), @p3='?' (DbType = Time)], CommandType='Text', CommandTimeout='30']
      INSERT INTO "WorkingHours" ("DayOfWeek", "EndTime", "IsOpen", "StartTime")
      VALUES (@p0, @p1, @p2, @p3)
      RETURNING "Id";
info: Microsoft.EntityFrameworkCore.Database.Command[20101]
      Executed DbCommand (0ms) [Parameters=[@p0='?' (DbType = Int32), @p1='?' (DbType = Time), @p2='?' (DbType = Boolean), @p3='?' (DbType = Time)], CommandType='Text', CommandTimeout='30']
      INSERT INTO "WorkingHours" ("DayOfWeek", "EndTime", "IsOpen", "StartTime")
      VALUES (@p0, @p1, @p2, @p3)
      RETURNING "Id";
info: Microsoft.Hosting.Lifetime[14]
      Now listening on: http://localhost:5194
info: Microsoft.Hosting.Lifetime[0]
      Application started. Press Ctrl+C to shut down.
info: Microsoft.Hosting.Lifetime[0]
      Hosting environment: Production
info: Microsoft.Hosting.Lifetime[0]
      Content root path: D:\yedek\yazilim\NewApps\BerberArif\publish_output
warn: Microsoft.AspNetCore.HttpsPolicy.HttpsRedirectionMiddleware[3]
      Failed to determine the https port for redirect.
info: Microsoft.EntityFrameworkCore.Database.Command[20101]
      Executed DbCommand (1ms) [Parameters=[], CommandType='Text', CommandTimeout='30']
      SELECT "s"."Id", "s"."Description", "s"."DurationMinutes", "s"."Icon", "s"."IsActive", "s"."Name", "s"."Price", "s"."SortOrder"
      FROM "ServiceTypes" AS "s"
      WHERE "s"."IsActive"
      ORDER BY "s"."SortOrder"
